<?xml version="1.0" encoding="UTF-8"?>
<testsuite name="com.jpabook.jpashop.service.OrderServiceTest" tests="1" skipped="0" failures="0" errors="0" timestamp="2023-01-24T12:46:00" hostname="ijanghuiui-MacBookPro.local" time="0.135">
  <properties/>
  <testcase name="상품주문_재고초과()" classname="com.jpabook.jpashop.service.OrderServiceTest" time="0.135"/>
  <system-out><![CDATA[21:45:58.529 [Test worker] DEBUG org.springframework.boot.test.context.SpringBootTestContextBootstrapper - Neither @ContextConfiguration nor @ContextHierarchy found for test class [OrderServiceTest]: using SpringBootContextLoader
21:45:58.532 [Test worker] DEBUG org.springframework.test.context.support.AbstractContextLoader - Could not detect default resource locations for test class [com.jpabook.jpashop.service.OrderServiceTest]: no resource found for suffixes {-context.xml, Context.groovy}.
21:45:58.533 [Test worker] INFO org.springframework.test.context.support.AnnotationConfigContextLoaderUtils - Could not detect default configuration classes for test class [com.jpabook.jpashop.service.OrderServiceTest]: OrderServiceTest does not declare any static, non-private, non-final, nested classes annotated with @Configuration.
21:45:58.542 [Test worker] DEBUG org.springframework.boot.test.context.SpringBootTestContextBootstrapper - Using ContextCustomizers for test class [OrderServiceTest]: [DisableObservabilityContextCustomizer, PropertyMappingContextCustomizer, Customizer, ExcludeFilterContextCustomizer, DuplicateJsonObjectContextCustomizer, MockitoContextCustomizer, TestRestTemplateContextCustomizer]
21:45:58.574 [Test worker] DEBUG org.springframework.context.annotation.ClassPathScanningCandidateComponentProvider - Identified candidate component class: file [/Users/leeeehgnaj/Desktop/Coding/jpashop/build/classes/java/main/com/jpabook/jpashop/JpashopApplication.class]
21:45:58.575 [Test worker] INFO org.springframework.boot.test.context.SpringBootTestContextBootstrapper - Found @SpringBootConfiguration com.jpabook.jpashop.JpashopApplication for test class com.jpabook.jpashop.service.OrderServiceTest
21:45:58.611 [Test worker] DEBUG org.springframework.boot.test.context.SpringBootTestContextBootstrapper - Using TestExecutionListeners for test class [OrderServiceTest]: [ServletTestExecutionListener, DirtiesContextBeforeModesTestExecutionListener, ApplicationEventsTestExecutionListener, MockitoTestExecutionListener, DependencyInjectionTestExecutionListener, DirtiesContextTestExecutionListener, TransactionalTestExecutionListener, SqlScriptsTestExecutionListener, EventPublishingTestExecutionListener, RestDocsTestExecutionListener, MockRestServiceServerResetTestExecutionListener, MockMvcPrintOnlyOnFailureTestExecutionListener, WebDriverTestExecutionListener, MockWebServiceServerTestExecutionListener, ResetMocksTestExecutionListener]
21:45:58.611 [Test worker] DEBUG org.springframework.test.context.support.AbstractDirtiesContextTestExecutionListener - Before test class: class [OrderServiceTest], class annotated with @DirtiesContext [false] with mode [null]

  .   ____          _            __ _ _
 /\\ / ___'_ __ _ _(_)_ __  __ _ \ \ \ \
( ( )\___ | '_ | '_| | '_ \/ _` | \ \ \ \
 \\/  ___)| |_)| | | | | || (_| |  ) ) ) )
  '  |____| .__|_| |_|_| |_\__, | / / / /
 =========|_|==============|___/=/_/_/_/
 :: Spring Boot ::                (v3.0.1)

2023-01-24T21:45:58.741+09:00  INFO 13375 --- [    Test worker] c.j.jpashop.service.OrderServiceTest     : Starting OrderServiceTest using Java 17.0.2 with PID 13375 (started by leeeehgnaj in /Users/leeeehgnaj/Desktop/Coding/jpashop)
2023-01-24T21:45:58.742+09:00  INFO 13375 --- [    Test worker] c.j.jpashop.service.OrderServiceTest     : No active profile set, falling back to 1 default profile: "default"
2023-01-24T21:45:59.006+09:00  INFO 13375 --- [    Test worker] .s.d.r.c.RepositoryConfigurationDelegate : Bootstrapping Spring Data JPA repositories in DEFAULT mode.
2023-01-24T21:45:59.017+09:00  INFO 13375 --- [    Test worker] .s.d.r.c.RepositoryConfigurationDelegate : Finished Spring Data repository scanning in 7 ms. Found 0 JPA repository interfaces.
2023-01-24T21:45:59.179+09:00  INFO 13375 --- [    Test worker] com.zaxxer.hikari.HikariDataSource       : HikariPool-1 - Starting...
2023-01-24T21:45:59.259+09:00  INFO 13375 --- [    Test worker] com.zaxxer.hikari.pool.HikariPool        : HikariPool-1 - Added connection conn0: url=jdbc:h2:mem:ca778eaa-04be-46c4-a046-b4a0c93925cc user=SA
2023-01-24T21:45:59.260+09:00  INFO 13375 --- [    Test worker] com.zaxxer.hikari.HikariDataSource       : HikariPool-1 - Start completed.
2023-01-24T21:45:59.279+09:00  INFO 13375 --- [    Test worker] o.hibernate.jpa.internal.util.LogHelper  : HHH000204: Processing PersistenceUnitInfo [name: default]
2023-01-24T21:45:59.300+09:00  INFO 13375 --- [    Test worker] org.hibernate.Version                    : HHH000412: Hibernate ORM core version 6.1.6.Final
2023-01-24T21:45:59.374+09:00  WARN 13375 --- [    Test worker] org.hibernate.orm.deprecation            : HHH90000021: Encountered deprecated setting [javax.persistence.sharedCache.mode], use [jakarta.persistence.sharedCache.mode] instead
2023-01-24T21:45:59.401+09:00 DEBUG 13375 --- [    Test worker] o.h.t.d.jdbc.spi.JdbcTypeRegistry        : addDescriptor(FloatTypeDescriptor) replaced previous registration(DoubleTypeDescriptor)
2023-01-24T21:45:59.406+09:00 DEBUG 13375 --- [    Test worker] org.hibernate.type.BasicTypeRegistry     : Adding type registration boolean -> org.hibernate.type.BasicTypeReference@3c28181b
2023-01-24T21:45:59.406+09:00 DEBUG 13375 --- [    Test worker] org.hibernate.type.BasicTypeRegistry     : Adding type registration boolean -> org.hibernate.type.BasicTypeReference@3c28181b
2023-01-24T21:45:59.406+09:00 DEBUG 13375 --- [    Test worker] org.hibernate.type.BasicTypeRegistry     : Adding type registration java.lang.Boolean -> org.hibernate.type.BasicTypeReference@3c28181b
2023-01-24T21:45:59.406+09:00 DEBUG 13375 --- [    Test worker] org.hibernate.type.BasicTypeRegistry     : Adding type registration numeric_boolean -> org.hibernate.type.BasicTypeReference@73aaec54
2023-01-24T21:45:59.406+09:00 DEBUG 13375 --- [    Test worker] org.hibernate.type.BasicTypeRegistry     : Adding type registration org.hibernate.type.NumericBooleanConverter -> org.hibernate.type.BasicTypeReference@73aaec54
2023-01-24T21:45:59.406+09:00 DEBUG 13375 --- [    Test worker] org.hibernate.type.BasicTypeRegistry     : Adding type registration true_false -> org.hibernate.type.BasicTypeReference@239b98cb
2023-01-24T21:45:59.406+09:00 DEBUG 13375 --- [    Test worker] org.hibernate.type.BasicTypeRegistry     : Adding type registration org.hibernate.type.TrueFalseConverter -> org.hibernate.type.BasicTypeReference@239b98cb
2023-01-24T21:45:59.406+09:00 DEBUG 13375 --- [    Test worker] org.hibernate.type.BasicTypeRegistry     : Adding type registration yes_no -> org.hibernate.type.BasicTypeReference@117b2cc6
2023-01-24T21:45:59.406+09:00 DEBUG 13375 --- [    Test worker] org.hibernate.type.BasicTypeRegistry     : Adding type registration org.hibernate.type.YesNoConverter -> org.hibernate.type.BasicTypeReference@117b2cc6
2023-01-24T21:45:59.406+09:00 DEBUG 13375 --- [    Test worker] org.hibernate.type.BasicTypeRegistry     : Adding type registration byte -> org.hibernate.type.BasicTypeReference@6def0632
2023-01-24T21:45:59.406+09:00 DEBUG 13375 --- [    Test worker] org.hibernate.type.BasicTypeRegistry     : Adding type registration byte -> org.hibernate.type.BasicTypeReference@6def0632
2023-01-24T21:45:59.406+09:00 DEBUG 13375 --- [    Test worker] org.hibernate.type.BasicTypeRegistry     : Adding type registration java.lang.Byte -> org.hibernate.type.BasicTypeReference@6def0632
2023-01-24T21:45:59.406+09:00 DEBUG 13375 --- [    Test worker] org.hibernate.type.BasicTypeRegistry     : Adding type registration binary -> org.hibernate.type.BasicTypeReference@7ef41ca2
2023-01-24T21:45:59.406+09:00 DEBUG 13375 --- [    Test worker] org.hibernate.type.BasicTypeRegistry     : Adding type registration byte[] -> org.hibernate.type.BasicTypeReference@7ef41ca2
2023-01-24T21:45:59.407+09:00 DEBUG 13375 --- [    Test worker] org.hibernate.type.BasicTypeRegistry     : Adding type registration [B -> org.hibernate.type.BasicTypeReference@7ef41ca2
2023-01-24T21:45:59.407+09:00 DEBUG 13375 --- [    Test worker] org.hibernate.type.BasicTypeRegistry     : Adding type registration binary_wrapper -> org.hibernate.type.BasicTypeReference@6b3f4bd8
2023-01-24T21:45:59.407+09:00 DEBUG 13375 --- [    Test worker] org.hibernate.type.BasicTypeRegistry     : Adding type registration wrapper-binary -> org.hibernate.type.BasicTypeReference@6b3f4bd8
2023-01-24T21:45:59.407+09:00 DEBUG 13375 --- [    Test worker] org.hibernate.type.BasicTypeRegistry     : Adding type registration Byte[] -> org.hibernate.type.BasicTypeReference@6b3f4bd8
2023-01-24T21:45:59.407+09:00 DEBUG 13375 --- [    Test worker] org.hibernate.type.BasicTypeRegistry     : Adding type registration [Ljava.lang.Byte; -> org.hibernate.type.BasicTypeReference@6b3f4bd8
2023-01-24T21:45:59.407+09:00 DEBUG 13375 --- [    Test worker] org.hibernate.type.BasicTypeRegistry     : Adding type registration image -> org.hibernate.type.BasicTypeReference@3e151e1f
2023-01-24T21:45:59.407+09:00 DEBUG 13375 --- [    Test worker] org.hibernate.type.BasicTypeRegistry     : Adding type registration blob -> org.hibernate.type.BasicTypeReference@d70e9a
2023-01-24T21:45:59.407+09:00 DEBUG 13375 --- [    Test worker] org.hibernate.type.BasicTypeRegistry     : Adding type registration java.sql.Blob -> org.hibernate.type.BasicTypeReference@d70e9a
2023-01-24T21:45:59.407+09:00 DEBUG 13375 --- [    Test worker] org.hibernate.type.BasicTypeRegistry     : Adding type registration materialized_blob -> org.hibernate.type.BasicTypeReference@5e98032e
2023-01-24T21:45:59.407+09:00 DEBUG 13375 --- [    Test worker] org.hibernate.type.BasicTypeRegistry     : Adding type registration materialized_blob_wrapper -> org.hibernate.type.BasicTypeReference@4fe8f2ae
2023-01-24T21:45:59.407+09:00 DEBUG 13375 --- [    Test worker] org.hibernate.type.BasicTypeRegistry     : Adding type registration short -> org.hibernate.type.BasicTypeReference@591be8aa
2023-01-24T21:45:59.407+09:00 DEBUG 13375 --- [    Test worker] org.hibernate.type.BasicTypeRegistry     : Adding type registration short -> org.hibernate.type.BasicTypeReference@591be8aa
2023-01-24T21:45:59.407+09:00 DEBUG 13375 --- [    Test worker] org.hibernate.type.BasicTypeRegistry     : Adding type registration java.lang.Short -> org.hibernate.type.BasicTypeReference@591be8aa
2023-01-24T21:45:59.407+09:00 DEBUG 13375 --- [    Test worker] org.hibernate.type.BasicTypeRegistry     : Adding type registration integer -> org.hibernate.type.BasicTypeReference@61808ecd
2023-01-24T21:45:59.407+09:00 DEBUG 13375 --- [    Test worker] org.hibernate.type.BasicTypeRegistry     : Adding type registration int -> org.hibernate.type.BasicTypeReference@61808ecd
2023-01-24T21:45:59.407+09:00 DEBUG 13375 --- [    Test worker] org.hibernate.type.BasicTypeRegistry     : Adding type registration java.lang.Integer -> org.hibernate.type.BasicTypeReference@61808ecd
2023-01-24T21:45:59.408+09:00 DEBUG 13375 --- [    Test worker] org.hibernate.type.BasicTypeRegistry     : Adding type registration long -> org.hibernate.type.BasicTypeReference@7f1f60a0
2023-01-24T21:45:59.408+09:00 DEBUG 13375 --- [    Test worker] org.hibernate.type.BasicTypeRegistry     : Adding type registration long -> org.hibernate.type.BasicTypeReference@7f1f60a0
2023-01-24T21:45:59.408+09:00 DEBUG 13375 --- [    Test worker] org.hibernate.type.BasicTypeRegistry     : Adding type registration java.lang.Long -> org.hibernate.type.BasicTypeReference@7f1f60a0
2023-01-24T21:45:59.408+09:00 DEBUG 13375 --- [    Test worker] org.hibernate.type.BasicTypeRegistry     : Adding type registration float -> org.hibernate.type.BasicTypeReference@77ea806f
2023-01-24T21:45:59.408+09:00 DEBUG 13375 --- [    Test worker] org.hibernate.type.BasicTypeRegistry     : Adding type registration float -> org.hibernate.type.BasicTypeReference@77ea806f
2023-01-24T21:45:59.408+09:00 DEBUG 13375 --- [    Test worker] org.hibernate.type.BasicTypeRegistry     : Adding type registration java.lang.Float -> org.hibernate.type.BasicTypeReference@77ea806f
2023-01-24T21:45:59.408+09:00 DEBUG 13375 --- [    Test worker] org.hibernate.type.BasicTypeRegistry     : Adding type registration double -> org.hibernate.type.BasicTypeReference@71b26880
2023-01-24T21:45:59.408+09:00 DEBUG 13375 --- [    Test worker] org.hibernate.type.BasicTypeRegistry     : Adding type registration double -> org.hibernate.type.BasicTypeReference@71b26880
2023-01-24T21:45:59.408+09:00 DEBUG 13375 --- [    Test worker] org.hibernate.type.BasicTypeRegistry     : Adding type registration java.lang.Double -> org.hibernate.type.BasicTypeReference@71b26880
2023-01-24T21:45:59.408+09:00 DEBUG 13375 --- [    Test worker] org.hibernate.type.BasicTypeRegistry     : Adding type registration big_integer -> org.hibernate.type.BasicTypeReference@14a1769d
2023-01-24T21:45:59.408+09:00 DEBUG 13375 --- [    Test worker] org.hibernate.type.BasicTypeRegistry     : Adding type registration java.math.BigInteger -> org.hibernate.type.BasicTypeReference@14a1769d
2023-01-24T21:45:59.408+09:00 DEBUG 13375 --- [    Test worker] org.hibernate.type.BasicTypeRegistry     : Adding type registration big_decimal -> org.hibernate.type.BasicTypeReference@10bf1ec9
2023-01-24T21:45:59.408+09:00 DEBUG 13375 --- [    Test worker] org.hibernate.type.BasicTypeRegistry     : Adding type registration java.math.BigDecimal -> org.hibernate.type.BasicTypeReference@10bf1ec9
2023-01-24T21:45:59.408+09:00 DEBUG 13375 --- [    Test worker] org.hibernate.type.BasicTypeRegistry     : Adding type registration character -> org.hibernate.type.BasicTypeReference@33751d49
2023-01-24T21:45:59.408+09:00 DEBUG 13375 --- [    Test worker] org.hibernate.type.BasicTypeRegistry     : Adding type registration char -> org.hibernate.type.BasicTypeReference@33751d49
2023-01-24T21:45:59.408+09:00 DEBUG 13375 --- [    Test worker] org.hibernate.type.BasicTypeRegistry     : Adding type registration java.lang.Character -> org.hibernate.type.BasicTypeReference@33751d49
2023-01-24T21:45:59.408+09:00 DEBUG 13375 --- [    Test worker] org.hibernate.type.BasicTypeRegistry     : Adding type registration character_nchar -> org.hibernate.type.BasicTypeReference@516195cf
2023-01-24T21:45:59.409+09:00 DEBUG 13375 --- [    Test worker] org.hibernate.type.BasicTypeRegistry     : Adding type registration string -> org.hibernate.type.BasicTypeReference@4eeb14e0
2023-01-24T21:45:59.409+09:00 DEBUG 13375 --- [    Test worker] org.hibernate.type.BasicTypeRegistry     : Adding type registration java.lang.String -> org.hibernate.type.BasicTypeReference@4eeb14e0
2023-01-24T21:45:59.409+09:00 DEBUG 13375 --- [    Test worker] org.hibernate.type.BasicTypeRegistry     : Adding type registration nstring -> org.hibernate.type.BasicTypeReference@26ca12a2
2023-01-24T21:45:59.409+09:00 DEBUG 13375 --- [    Test worker] org.hibernate.type.BasicTypeRegistry     : Adding type registration characters -> org.hibernate.type.BasicTypeReference@3d4ecc67
2023-01-24T21:45:59.409+09:00 DEBUG 13375 --- [    Test worker] org.hibernate.type.BasicTypeRegistry     : Adding type registration char[] -> org.hibernate.type.BasicTypeReference@3d4ecc67
2023-01-24T21:45:59.409+09:00 DEBUG 13375 --- [    Test worker] org.hibernate.type.BasicTypeRegistry     : Adding type registration [C -> org.hibernate.type.BasicTypeReference@3d4ecc67
2023-01-24T21:45:59.409+09:00 DEBUG 13375 --- [    Test worker] org.hibernate.type.BasicTypeRegistry     : Adding type registration wrapper-characters -> org.hibernate.type.BasicTypeReference@60dcf9ec
2023-01-24T21:45:59.409+09:00 DEBUG 13375 --- [    Test worker] org.hibernate.type.BasicTypeRegistry     : Adding type registration [Ljava.lang.Character; -> org.hibernate.type.BasicTypeReference@60dcf9ec
2023-01-24T21:45:59.409+09:00 DEBUG 13375 --- [    Test worker] org.hibernate.type.BasicTypeRegistry     : Adding type registration Character[] -> org.hibernate.type.BasicTypeReference@60dcf9ec
2023-01-24T21:45:59.409+09:00 DEBUG 13375 --- [    Test worker] org.hibernate.type.BasicTypeRegistry     : Adding type registration text -> org.hibernate.type.BasicTypeReference@7606bd03
2023-01-24T21:45:59.409+09:00 DEBUG 13375 --- [    Test worker] org.hibernate.type.BasicTypeRegistry     : Adding type registration ntext -> org.hibernate.type.BasicTypeReference@afee63
2023-01-24T21:45:59.409+09:00 DEBUG 13375 --- [    Test worker] org.hibernate.type.BasicTypeRegistry     : Adding type registration clob -> org.hibernate.type.BasicTypeReference@4b4927e5
2023-01-24T21:45:59.409+09:00 DEBUG 13375 --- [    Test worker] org.hibernate.type.BasicTypeRegistry     : Adding type registration java.sql.Clob -> org.hibernate.type.BasicTypeReference@4b4927e5
2023-01-24T21:45:59.409+09:00 DEBUG 13375 --- [    Test worker] org.hibernate.type.BasicTypeRegistry     : Adding type registration nclob -> org.hibernate.type.BasicTypeReference@4c5da4f9
2023-01-24T21:45:59.409+09:00 DEBUG 13375 --- [    Test worker] org.hibernate.type.BasicTypeRegistry     : Adding type registration java.sql.NClob -> org.hibernate.type.BasicTypeReference@4c5da4f9
2023-01-24T21:45:59.409+09:00 DEBUG 13375 --- [    Test worker] org.hibernate.type.BasicTypeRegistry     : Adding type registration materialized_clob -> org.hibernate.type.BasicTypeReference@ff0e6d4
2023-01-24T21:45:59.409+09:00 DEBUG 13375 --- [    Test worker] org.hibernate.type.BasicTypeRegistry     : Adding type registration materialized_clob_char_array -> org.hibernate.type.BasicTypeReference@70d3cdbf
2023-01-24T21:45:59.409+09:00 DEBUG 13375 --- [    Test worker] org.hibernate.type.BasicTypeRegistry     : Adding type registration materialized_clob_character_array -> org.hibernate.type.BasicTypeReference@72a7aa4f
2023-01-24T21:45:59.409+09:00 DEBUG 13375 --- [    Test worker] org.hibernate.type.BasicTypeRegistry     : Adding type registration materialized_nclob -> org.hibernate.type.BasicTypeReference@537ca28e
2023-01-24T21:45:59.409+09:00 DEBUG 13375 --- [    Test worker] org.hibernate.type.BasicTypeRegistry     : Adding type registration materialized_nclob_character_array -> org.hibernate.type.BasicTypeReference@5b322873
2023-01-24T21:45:59.409+09:00 DEBUG 13375 --- [    Test worker] org.hibernate.type.BasicTypeRegistry     : Adding type registration materialized_nclob_char_array -> org.hibernate.type.BasicTypeReference@35e2b89f
2023-01-24T21:45:59.410+09:00 DEBUG 13375 --- [    Test worker] org.hibernate.type.BasicTypeRegistry     : Adding type registration Duration -> org.hibernate.type.BasicTypeReference@7ad889be
2023-01-24T21:45:59.410+09:00 DEBUG 13375 --- [    Test worker] org.hibernate.type.BasicTypeRegistry     : Adding type registration java.time.Duration -> org.hibernate.type.BasicTypeReference@7ad889be
2023-01-24T21:45:59.410+09:00 DEBUG 13375 --- [    Test worker] org.hibernate.type.BasicTypeRegistry     : Adding type registration LocalDateTime -> org.hibernate.type.BasicTypeReference@4c063cb9
2023-01-24T21:45:59.410+09:00 DEBUG 13375 --- [    Test worker] org.hibernate.type.BasicTypeRegistry     : Adding type registration java.time.LocalDateTime -> org.hibernate.type.BasicTypeReference@4c063cb9
2023-01-24T21:45:59.410+09:00 DEBUG 13375 --- [    Test worker] org.hibernate.type.BasicTypeRegistry     : Adding type registration LocalDate -> org.hibernate.type.BasicTypeReference@63de4fa
2023-01-24T21:45:59.410+09:00 DEBUG 13375 --- [    Test worker] org.hibernate.type.BasicTypeRegistry     : Adding type registration java.time.LocalDate -> org.hibernate.type.BasicTypeReference@63de4fa
2023-01-24T21:45:59.410+09:00 DEBUG 13375 --- [    Test worker] org.hibernate.type.BasicTypeRegistry     : Adding type registration LocalTime -> org.hibernate.type.BasicTypeReference@26bb92e2
2023-01-24T21:45:59.410+09:00 DEBUG 13375 --- [    Test worker] org.hibernate.type.BasicTypeRegistry     : Adding type registration java.time.LocalTime -> org.hibernate.type.BasicTypeReference@26bb92e2
2023-01-24T21:45:59.410+09:00 DEBUG 13375 --- [    Test worker] org.hibernate.type.BasicTypeRegistry     : Adding type registration OffsetDateTime -> org.hibernate.type.BasicTypeReference@18907af2
2023-01-24T21:45:59.410+09:00 DEBUG 13375 --- [    Test worker] org.hibernate.type.BasicTypeRegistry     : Adding type registration java.time.OffsetDateTime -> org.hibernate.type.BasicTypeReference@18907af2
2023-01-24T21:45:59.410+09:00 DEBUG 13375 --- [    Test worker] org.hibernate.type.BasicTypeRegistry     : Adding type registration OffsetDateTimeWithTimezone -> org.hibernate.type.BasicTypeReference@658e7ead
2023-01-24T21:45:59.411+09:00 DEBUG 13375 --- [    Test worker] org.hibernate.type.BasicTypeRegistry     : Adding type registration OffsetDateTimeWithoutTimezone -> org.hibernate.type.BasicTypeReference@cfd5cd2
2023-01-24T21:45:59.411+09:00 DEBUG 13375 --- [    Test worker] org.hibernate.type.BasicTypeRegistry     : Adding type registration OffsetTime -> org.hibernate.type.BasicTypeReference@762bf32d
2023-01-24T21:45:59.411+09:00 DEBUG 13375 --- [    Test worker] org.hibernate.type.BasicTypeRegistry     : Adding type registration java.time.OffsetTime -> org.hibernate.type.BasicTypeReference@762bf32d
2023-01-24T21:45:59.411+09:00 DEBUG 13375 --- [    Test worker] org.hibernate.type.BasicTypeRegistry     : Adding type registration ZonedDateTime -> org.hibernate.type.BasicTypeReference@6d7740f0
2023-01-24T21:45:59.411+09:00 DEBUG 13375 --- [    Test worker] org.hibernate.type.BasicTypeRegistry     : Adding type registration java.time.ZonedDateTime -> org.hibernate.type.BasicTypeReference@6d7740f0
2023-01-24T21:45:59.411+09:00 DEBUG 13375 --- [    Test worker] org.hibernate.type.BasicTypeRegistry     : Adding type registration ZonedDateTimeWithTimezone -> org.hibernate.type.BasicTypeReference@7b1a30e5
2023-01-24T21:45:59.411+09:00 DEBUG 13375 --- [    Test worker] org.hibernate.type.BasicTypeRegistry     : Adding type registration ZonedDateTimeWithoutTimezone -> org.hibernate.type.BasicTypeReference@1de7f898
2023-01-24T21:45:59.411+09:00 DEBUG 13375 --- [    Test worker] org.hibernate.type.BasicTypeRegistry     : Adding type registration date -> org.hibernate.type.BasicTypeReference@34fcd292
2023-01-24T21:45:59.411+09:00 DEBUG 13375 --- [    Test worker] org.hibernate.type.BasicTypeRegistry     : Adding type registration java.sql.Date -> org.hibernate.type.BasicTypeReference@34fcd292
2023-01-24T21:45:59.412+09:00 DEBUG 13375 --- [    Test worker] org.hibernate.type.BasicTypeRegistry     : Adding type registration time -> org.hibernate.type.BasicTypeReference@63db743d
2023-01-24T21:45:59.412+09:00 DEBUG 13375 --- [    Test worker] org.hibernate.type.BasicTypeRegistry     : Adding type registration java.sql.Time -> org.hibernate.type.BasicTypeReference@63db743d
2023-01-24T21:45:59.412+09:00 DEBUG 13375 --- [    Test worker] org.hibernate.type.BasicTypeRegistry     : Adding type registration timestamp -> org.hibernate.type.BasicTypeReference@496cedbb
2023-01-24T21:45:59.412+09:00 DEBUG 13375 --- [    Test worker] org.hibernate.type.BasicTypeRegistry     : Adding type registration java.sql.Timestamp -> org.hibernate.type.BasicTypeReference@496cedbb
2023-01-24T21:45:59.412+09:00 DEBUG 13375 --- [    Test worker] org.hibernate.type.BasicTypeRegistry     : Adding type registration java.util.Date -> org.hibernate.type.BasicTypeReference@496cedbb
2023-01-24T21:45:59.412+09:00 DEBUG 13375 --- [    Test worker] org.hibernate.type.BasicTypeRegistry     : Adding type registration calendar -> org.hibernate.type.BasicTypeReference@6b6def36
2023-01-24T21:45:59.412+09:00 DEBUG 13375 --- [    Test worker] org.hibernate.type.BasicTypeRegistry     : Adding type registration java.util.Calendar -> org.hibernate.type.BasicTypeReference@6b6def36
2023-01-24T21:45:59.412+09:00 DEBUG 13375 --- [    Test worker] org.hibernate.type.BasicTypeRegistry     : Adding type registration java.util.GregorianCalendar -> org.hibernate.type.BasicTypeReference@6b6def36
2023-01-24T21:45:59.412+09:00 DEBUG 13375 --- [    Test worker] org.hibernate.type.BasicTypeRegistry     : Adding type registration calendar_date -> org.hibernate.type.BasicTypeReference@3957d88b
2023-01-24T21:45:59.412+09:00 DEBUG 13375 --- [    Test worker] org.hibernate.type.BasicTypeRegistry     : Adding type registration calendar_time -> org.hibernate.type.BasicTypeReference@1152900
2023-01-24T21:45:59.412+09:00 DEBUG 13375 --- [    Test worker] org.hibernate.type.BasicTypeRegistry     : Adding type registration instant -> org.hibernate.type.BasicTypeReference@2fba0dac
2023-01-24T21:45:59.412+09:00 DEBUG 13375 --- [    Test worker] org.hibernate.type.BasicTypeRegistry     : Adding type registration java.time.Instant -> org.hibernate.type.BasicTypeReference@2fba0dac
2023-01-24T21:45:59.413+09:00 DEBUG 13375 --- [    Test worker] org.hibernate.type.BasicTypeRegistry     : Adding type registration uuid -> org.hibernate.type.BasicTypeReference@2b2a4332
2023-01-24T21:45:59.413+09:00 DEBUG 13375 --- [    Test worker] org.hibernate.type.BasicTypeRegistry     : Adding type registration java.util.UUID -> org.hibernate.type.BasicTypeReference@2b2a4332
2023-01-24T21:45:59.413+09:00 DEBUG 13375 --- [    Test worker] org.hibernate.type.BasicTypeRegistry     : Adding type registration pg-uuid -> org.hibernate.type.BasicTypeReference@2b2a4332
2023-01-24T21:45:59.413+09:00 DEBUG 13375 --- [    Test worker] org.hibernate.type.BasicTypeRegistry     : Adding type registration uuid-binary -> org.hibernate.type.BasicTypeReference@2cbe455c
2023-01-24T21:45:59.413+09:00 DEBUG 13375 --- [    Test worker] org.hibernate.type.BasicTypeRegistry     : Adding type registration uuid-char -> org.hibernate.type.BasicTypeReference@4cb24e2
2023-01-24T21:45:59.413+09:00 DEBUG 13375 --- [    Test worker] org.hibernate.type.BasicTypeRegistry     : Adding type registration class -> org.hibernate.type.BasicTypeReference@7be38eba
2023-01-24T21:45:59.413+09:00 DEBUG 13375 --- [    Test worker] org.hibernate.type.BasicTypeRegistry     : Adding type registration java.lang.Class -> org.hibernate.type.BasicTypeReference@7be38eba
2023-01-24T21:45:59.413+09:00 DEBUG 13375 --- [    Test worker] org.hibernate.type.BasicTypeRegistry     : Adding type registration currency -> org.hibernate.type.BasicTypeReference@2296127
2023-01-24T21:45:59.413+09:00 DEBUG 13375 --- [    Test worker] org.hibernate.type.BasicTypeRegistry     : Adding type registration Currency -> org.hibernate.type.BasicTypeReference@2296127
2023-01-24T21:45:59.413+09:00 DEBUG 13375 --- [    Test worker] org.hibernate.type.BasicTypeRegistry     : Adding type registration java.util.Currency -> org.hibernate.type.BasicTypeReference@2296127
2023-01-24T21:45:59.413+09:00 DEBUG 13375 --- [    Test worker] org.hibernate.type.BasicTypeRegistry     : Adding type registration locale -> org.hibernate.type.BasicTypeReference@5ce3409b
2023-01-24T21:45:59.413+09:00 DEBUG 13375 --- [    Test worker] org.hibernate.type.BasicTypeRegistry     : Adding type registration java.util.Locale -> org.hibernate.type.BasicTypeReference@5ce3409b
2023-01-24T21:45:59.413+09:00 DEBUG 13375 --- [    Test worker] org.hibernate.type.BasicTypeRegistry     : Adding type registration serializable -> org.hibernate.type.BasicTypeReference@1d283d1
2023-01-24T21:45:59.413+09:00 DEBUG 13375 --- [    Test worker] org.hibernate.type.BasicTypeRegistry     : Adding type registration java.io.Serializable -> org.hibernate.type.BasicTypeReference@1d283d1
2023-01-24T21:45:59.413+09:00 DEBUG 13375 --- [    Test worker] org.hibernate.type.BasicTypeRegistry     : Adding type registration timezone -> org.hibernate.type.BasicTypeReference@66234b0f
2023-01-24T21:45:59.413+09:00 DEBUG 13375 --- [    Test worker] org.hibernate.type.BasicTypeRegistry     : Adding type registration java.util.TimeZone -> org.hibernate.type.BasicTypeReference@66234b0f
2023-01-24T21:45:59.413+09:00 DEBUG 13375 --- [    Test worker] org.hibernate.type.BasicTypeRegistry     : Adding type registration ZoneOffset -> org.hibernate.type.BasicTypeReference@2fca3eb5
2023-01-24T21:45:59.413+09:00 DEBUG 13375 --- [    Test worker] org.hibernate.type.BasicTypeRegistry     : Adding type registration java.time.ZoneOffset -> org.hibernate.type.BasicTypeReference@2fca3eb5
2023-01-24T21:45:59.413+09:00 DEBUG 13375 --- [    Test worker] org.hibernate.type.BasicTypeRegistry     : Adding type registration url -> org.hibernate.type.BasicTypeReference@69eb544f
2023-01-24T21:45:59.413+09:00 DEBUG 13375 --- [    Test worker] org.hibernate.type.BasicTypeRegistry     : Adding type registration java.net.URL -> org.hibernate.type.BasicTypeReference@69eb544f
2023-01-24T21:45:59.414+09:00 DEBUG 13375 --- [    Test worker] org.hibernate.type.BasicTypeRegistry     : Adding type registration row_version -> org.hibernate.type.BasicTypeReference@7cb29ea8
2023-01-24T21:45:59.416+09:00 DEBUG 13375 --- [    Test worker] org.hibernate.type.BasicTypeRegistry     : Adding type registration dbtimestamp -> org.hibernate.type.DbTimestampType@23b71d24
2023-01-24T21:45:59.416+09:00 DEBUG 13375 --- [    Test worker] org.hibernate.type.BasicTypeRegistry     : Adding type registration dbtimestamp -> org.hibernate.type.DbTimestampType@23b71d24
2023-01-24T21:45:59.417+09:00 DEBUG 13375 --- [    Test worker] org.hibernate.type.BasicTypeRegistry     : Adding type registration object -> org.hibernate.type.JavaObjectType@12fccff0
2023-01-24T21:45:59.417+09:00 DEBUG 13375 --- [    Test worker] org.hibernate.type.BasicTypeRegistry     : Adding type registration java.lang.Object -> org.hibernate.type.JavaObjectType@12fccff0
2023-01-24T21:45:59.417+09:00 DEBUG 13375 --- [    Test worker] org.hibernate.type.BasicTypeRegistry     : Adding type registration null -> org.hibernate.type.NullType@25de8898
2023-01-24T21:45:59.417+09:00 DEBUG 13375 --- [    Test worker] org.hibernate.type.BasicTypeRegistry     : Adding type registration imm_date -> org.hibernate.type.BasicTypeReference@bfb93cf
2023-01-24T21:45:59.417+09:00 DEBUG 13375 --- [    Test worker] org.hibernate.type.BasicTypeRegistry     : Adding type registration imm_time -> org.hibernate.type.BasicTypeReference@dd737ea
2023-01-24T21:45:59.417+09:00 DEBUG 13375 --- [    Test worker] org.hibernate.type.BasicTypeRegistry     : Adding type registration imm_timestamp -> org.hibernate.type.BasicTypeReference@7bc2ae16
2023-01-24T21:45:59.417+09:00 DEBUG 13375 --- [    Test worker] org.hibernate.type.BasicTypeRegistry     : Adding type registration imm_calendar -> org.hibernate.type.BasicTypeReference@2a0963be
2023-01-24T21:45:59.417+09:00 DEBUG 13375 --- [    Test worker] org.hibernate.type.BasicTypeRegistry     : Adding type registration imm_calendar_date -> org.hibernate.type.BasicTypeReference@7d3bf8db
2023-01-24T21:45:59.417+09:00 DEBUG 13375 --- [    Test worker] org.hibernate.type.BasicTypeRegistry     : Adding type registration imm_calendar_time -> org.hibernate.type.BasicTypeReference@49e7e8f1
2023-01-24T21:45:59.417+09:00 DEBUG 13375 --- [    Test worker] org.hibernate.type.BasicTypeRegistry     : Adding type registration imm_binary -> org.hibernate.type.BasicTypeReference@27bb4dc5
2023-01-24T21:45:59.417+09:00 DEBUG 13375 --- [    Test worker] org.hibernate.type.BasicTypeRegistry     : Adding type registration imm_serializable -> org.hibernate.type.BasicTypeReference@464ede1f
2023-01-24T21:45:59.445+09:00  INFO 13375 --- [    Test worker] SQL dialect                              : HHH000400: Using dialect: org.hibernate.dialect.H2Dialect
2023-01-24T21:45:59.455+09:00 DEBUG 13375 --- [    Test worker] o.h.t.d.jdbc.spi.JdbcTypeRegistry        : addDescriptor(NCharTypeDescriptor) replaced previous registration(CharTypeDescriptor)
2023-01-24T21:45:59.455+09:00 DEBUG 13375 --- [    Test worker] o.h.t.d.jdbc.spi.JdbcTypeRegistry        : addDescriptor(NVarcharTypeDescriptor) replaced previous registration(VarcharTypeDescriptor)
2023-01-24T21:45:59.456+09:00 DEBUG 13375 --- [    Test worker] o.h.t.d.jdbc.spi.JdbcTypeRegistry        : addDescriptor(LongNVarcharTypeDescriptor) replaced previous registration(LongVarcharTypeDescriptor)
2023-01-24T21:45:59.456+09:00 DEBUG 13375 --- [    Test worker] o.h.t.d.jdbc.spi.JdbcTypeRegistry        : addDescriptor(NClobTypeDescriptor(DEFAULT)) replaced previous registration(ClobTypeDescriptor(DEFAULT))
2023-01-24T21:45:59.456+09:00 DEBUG 13375 --- [    Test worker] o.h.t.d.jdbc.spi.JdbcTypeRegistry        : addDescriptor(2005, ClobTypeDescriptor(STREAM_BINDING)) replaced previous registration(ClobTypeDescriptor(DEFAULT))
2023-01-24T21:45:59.457+09:00 DEBUG 13375 --- [    Test worker] o.h.t.d.jdbc.spi.JdbcTypeRegistry        : addDescriptor(3003, TimestampUtcDescriptor) replaced previous registration(TimestampUtcDescriptor)
2023-01-24T21:45:59.458+09:00 DEBUG 13375 --- [    Test worker] org.hibernate.type.BasicTypeRegistry     : Adding type registration org.hibernate.type.OffsetDateTimeType -> basicType@1(java.time.OffsetDateTime,93)
2023-01-24T21:45:59.458+09:00 DEBUG 13375 --- [    Test worker] org.hibernate.type.BasicTypeRegistry     : Adding type registration OffsetDateTime -> basicType@1(java.time.OffsetDateTime,93)
2023-01-24T21:45:59.458+09:00 DEBUG 13375 --- [    Test worker] org.hibernate.type.BasicTypeRegistry     : Adding type registration java.time.OffsetDateTime -> basicType@1(java.time.OffsetDateTime,93)
2023-01-24T21:45:59.458+09:00 DEBUG 13375 --- [    Test worker] org.hibernate.type.BasicTypeRegistry     : Adding type registration org.hibernate.type.ZonedDateTimeType -> basicType@2(java.time.ZonedDateTime,93)
2023-01-24T21:45:59.459+09:00 DEBUG 13375 --- [    Test worker] org.hibernate.type.BasicTypeRegistry     : Adding type registration ZonedDateTime -> basicType@2(java.time.ZonedDateTime,93)
2023-01-24T21:45:59.459+09:00 DEBUG 13375 --- [    Test worker] org.hibernate.type.BasicTypeRegistry     : Adding type registration java.time.ZonedDateTime -> basicType@2(java.time.ZonedDateTime,93)
2023-01-24T21:45:59.459+09:00 DEBUG 13375 --- [    Test worker] o.h.type.spi.TypeConfiguration$Scope     : Scoping TypeConfiguration [org.hibernate.type.spi.TypeConfiguration@2b395581] to MetadataBuildingContext [org.hibernate.boot.internal.MetadataBuildingContextRootImpl@726a8729]
2023-01-24T21:45:59.631+09:00 DEBUG 13375 --- [    Test worker] o.h.type.spi.TypeConfiguration$Scope     : Scoping TypeConfiguration [org.hibernate.type.spi.TypeConfiguration@2b395581] to SessionFactoryImplementor [org.hibernate.internal.SessionFactoryImpl@4449b273]
2023-01-24T21:45:59.768+09:00  INFO 13375 --- [    Test worker] o.h.m.i.EntityInstantiatorPojoStandard   : HHH000182: No default (no-argument) constructor for class: com.jpabook.jpashop.domain.Member (class must be instantiated by Interceptor)
2023-01-24T21:45:59.856+09:00 DEBUG 13375 --- [    Test worker] org.hibernate.SQL                        : drop table if exists category cascade 
2023-01-24T21:45:59.857+09:00 DEBUG 13375 --- [    Test worker] org.hibernate.SQL                        : drop table if exists category_item cascade 
2023-01-24T21:45:59.857+09:00 DEBUG 13375 --- [    Test worker] org.hibernate.SQL                        : drop table if exists delivery cascade 
2023-01-24T21:45:59.857+09:00 DEBUG 13375 --- [    Test worker] org.hibernate.SQL                        : drop table if exists item cascade 
2023-01-24T21:45:59.857+09:00 DEBUG 13375 --- [    Test worker] org.hibernate.SQL                        : drop table if exists member cascade 
2023-01-24T21:45:59.857+09:00 DEBUG 13375 --- [    Test worker] org.hibernate.SQL                        : drop table if exists order_item cascade 
2023-01-24T21:45:59.857+09:00 DEBUG 13375 --- [    Test worker] org.hibernate.SQL                        : drop table if exists orders cascade 
2023-01-24T21:45:59.857+09:00 DEBUG 13375 --- [    Test worker] org.hibernate.SQL                        : drop sequence if exists category_seq
2023-01-24T21:45:59.857+09:00 DEBUG 13375 --- [    Test worker] org.hibernate.SQL                        : drop sequence if exists delivery_seq
2023-01-24T21:45:59.857+09:00 DEBUG 13375 --- [    Test worker] org.hibernate.SQL                        : drop sequence if exists item_seq
2023-01-24T21:45:59.858+09:00 DEBUG 13375 --- [    Test worker] org.hibernate.SQL                        : drop sequence if exists member_seq
2023-01-24T21:45:59.858+09:00 DEBUG 13375 --- [    Test worker] org.hibernate.SQL                        : drop sequence if exists order_item_seq
2023-01-24T21:45:59.858+09:00 DEBUG 13375 --- [    Test worker] org.hibernate.SQL                        : drop sequence if exists orders_seq
2023-01-24T21:45:59.860+09:00 DEBUG 13375 --- [    Test worker] org.hibernate.SQL                        : create sequence category_seq start with 1 increment by 50
2023-01-24T21:45:59.861+09:00 DEBUG 13375 --- [    Test worker] org.hibernate.SQL                        : create sequence delivery_seq start with 1 increment by 50
2023-01-24T21:45:59.862+09:00 DEBUG 13375 --- [    Test worker] org.hibernate.SQL                        : create sequence item_seq start with 1 increment by 50
2023-01-24T21:45:59.862+09:00 DEBUG 13375 --- [    Test worker] org.hibernate.SQL                        : create sequence member_seq start with 1 increment by 50
2023-01-24T21:45:59.862+09:00 DEBUG 13375 --- [    Test worker] org.hibernate.SQL                        : create sequence order_item_seq start with 1 increment by 50
2023-01-24T21:45:59.862+09:00 DEBUG 13375 --- [    Test worker] org.hibernate.SQL                        : create sequence orders_seq start with 1 increment by 50
2023-01-24T21:45:59.863+09:00 DEBUG 13375 --- [    Test worker] org.hibernate.SQL                        : create table category (category_id bigint not null, name varchar(255), category_parent_id bigint, primary key (category_id))
2023-01-24T21:45:59.865+09:00 DEBUG 13375 --- [    Test worker] org.hibernate.SQL                        : create table category_item (category_id bigint not null, item_id bigint not null)
2023-01-24T21:45:59.866+09:00 DEBUG 13375 --- [    Test worker] org.hibernate.SQL                        : create table delivery (delivery_id bigint not null, city varchar(255), street varchar(255), zipcode varchar(255), delivery_status varchar(255), primary key (delivery_id))
2023-01-24T21:45:59.866+09:00 DEBUG 13375 --- [    Test worker] org.hibernate.SQL                        : create table item (dtype varchar(31) not null, item_id bigint not null, item_name varchar(255), item_price integer, item_stock_quantity integer, album_artist varchar(255), album_etc varchar(255), book_author varchar(255), book_isbn varchar(255), movie_actor varchar(255), movie_director varchar(255), primary key (item_id))
2023-01-24T21:45:59.867+09:00 DEBUG 13375 --- [    Test worker] org.hibernate.SQL                        : create table member (member_id bigint not null, city varchar(255), street varchar(255), zipcode varchar(255), member_name varchar(255), primary key (member_id))
2023-01-24T21:45:59.867+09:00 DEBUG 13375 --- [    Test worker] org.hibernate.SQL                        : create table order_item (order_item_id bigint not null, order_item_count integer, order_items_price integer, item_id bigint, order_id bigint, primary key (order_item_id))
2023-01-24T21:45:59.867+09:00 DEBUG 13375 --- [    Test worker] org.hibernate.SQL                        : create table orders (orders_id bigint not null, order_date timestamp(6), order_status varchar(255), delivery_id bigint, member_id bigint, primary key (orders_id))
2023-01-24T21:45:59.868+09:00 DEBUG 13375 --- [    Test worker] org.hibernate.SQL                        : alter table if exists category add constraint FKgbowg38afm73793kwnokn0203 foreign key (category_parent_id) references category
2023-01-24T21:45:59.871+09:00 DEBUG 13375 --- [    Test worker] org.hibernate.SQL                        : alter table if exists category_item add constraint FKu8b4lwqutcdq3363gf6mlujq foreign key (item_id) references item
2023-01-24T21:45:59.871+09:00 DEBUG 13375 --- [    Test worker] org.hibernate.SQL                        : alter table if exists category_item add constraint FKcq2n0opf5shyh84ex1fhukcbh foreign key (category_id) references category
2023-01-24T21:45:59.872+09:00 DEBUG 13375 --- [    Test worker] org.hibernate.SQL                        : alter table if exists order_item add constraint FKija6hjjiit8dprnmvtvgdp6ru foreign key (item_id) references item
2023-01-24T21:45:59.873+09:00 DEBUG 13375 --- [    Test worker] org.hibernate.SQL                        : alter table if exists order_item add constraint FKt4dc2r9nbvbujrljv3e23iibt foreign key (order_id) references orders
2023-01-24T21:45:59.873+09:00 DEBUG 13375 --- [    Test worker] org.hibernate.SQL                        : alter table if exists orders add constraint FKtkrur7wg4d8ax0pwgo0vmy20c foreign key (delivery_id) references delivery
2023-01-24T21:45:59.874+09:00 DEBUG 13375 --- [    Test worker] org.hibernate.SQL                        : alter table if exists orders add constraint FKpktxwhj3x9m4gth5ff6bkqgeb foreign key (member_id) references member
2023-01-24T21:45:59.876+09:00  INFO 13375 --- [    Test worker] o.h.e.t.j.p.i.JtaPlatformInitiator       : HHH000490: Using JtaPlatform implementation: [org.hibernate.engine.transaction.jta.platform.internal.NoJtaPlatform]
2023-01-24T21:45:59.879+09:00 TRACE 13375 --- [    Test worker] o.h.type.spi.TypeConfiguration$Scope     : Handling #sessionFactoryCreated from [org.hibernate.internal.SessionFactoryImpl@4449b273] for TypeConfiguration
2023-01-24T21:45:59.880+09:00  INFO 13375 --- [    Test worker] j.LocalContainerEntityManagerFactoryBean : Initialized JPA EntityManagerFactory for persistence unit 'default'
2023-01-24T21:45:59.990+09:00  WARN 13375 --- [    Test worker] JpaBaseConfiguration$JpaWebConfiguration : spring.jpa.open-in-view is enabled by default. Therefore, database queries may be performed during view rendering. Explicitly configure spring.jpa.open-in-view to disable this warning
2023-01-24T21:46:00.157+09:00  INFO 13375 --- [    Test worker] c.j.jpashop.service.OrderServiceTest     : Started OrderServiceTest in 1.528 seconds (process running for 1.97)
2023-01-24T21:46:00.261+09:00 DEBUG 13375 --- [    Test worker] org.hibernate.SQL                        : select next value for member_seq
2023-01-24T21:46:00.272+09:00 DEBUG 13375 --- [    Test worker] org.hibernate.SQL                        : select next value for item_seq
]]></system-out>
  <system-err><![CDATA[]]></system-err>
</testsuite>
