<?xml version="1.0" encoding="UTF-8"?>
<testsuite name="com.jpabook.jpashop.repository.MemberRepositoryTest" tests="1" skipped="0" failures="0" errors="0" timestamp="2023-01-20T07:34:25" hostname="ijanghuiui-MacBookPro.local" time="0.113">
  <properties/>
  <testcase name="testMember()" classname="com.jpabook.jpashop.repository.MemberRepositoryTest" time="0.113"/>
  <system-out><![CDATA[16:34:24.182 [Test worker] DEBUG org.springframework.boot.test.autoconfigure.orm.jpa.DataJpaTestContextBootstrapper - Neither @ContextConfiguration nor @ContextHierarchy found for test class [MemberRepositoryTest]: using SpringBootContextLoader
16:34:24.184 [Test worker] DEBUG org.springframework.test.context.support.AbstractContextLoader - Could not detect default resource locations for test class [com.jpabook.jpashop.repository.MemberRepositoryTest]: no resource found for suffixes {-context.xml, Context.groovy}.
16:34:24.185 [Test worker] INFO org.springframework.test.context.support.AnnotationConfigContextLoaderUtils - Could not detect default configuration classes for test class [com.jpabook.jpashop.repository.MemberRepositoryTest]: MemberRepositoryTest does not declare any static, non-private, non-final, nested classes annotated with @Configuration.
16:34:24.202 [Test worker] DEBUG org.springframework.boot.test.autoconfigure.orm.jpa.DataJpaTestContextBootstrapper - Using ContextCustomizers for test class [MemberRepositoryTest]: [DisableAutoConfigurationContextCustomizer, DisableObservabilityContextCustomizer, TypeExcludeFiltersContextCustomizer, PropertyMappingContextCustomizer, Customizer, ImportsContextCustomizer, ExcludeFilterContextCustomizer, DuplicateJsonObjectContextCustomizer, MockitoContextCustomizer]
16:34:24.227 [Test worker] DEBUG org.springframework.context.annotation.ClassPathScanningCandidateComponentProvider - Identified candidate component class: file [/Users/leeeehgnaj/Desktop/Coding/jpashop/build/classes/java/main/com/jpabook/jpashop/JpashopApplication.class]
16:34:24.228 [Test worker] INFO org.springframework.boot.test.context.SpringBootTestContextBootstrapper - Found @SpringBootConfiguration com.jpabook.jpashop.JpashopApplication for test class com.jpabook.jpashop.repository.MemberRepositoryTest
16:34:24.235 [Test worker] DEBUG org.springframework.boot.test.autoconfigure.orm.jpa.DataJpaTestContextBootstrapper - Using TestExecutionListeners for test class [MemberRepositoryTest]: [ServletTestExecutionListener, DirtiesContextBeforeModesTestExecutionListener, ApplicationEventsTestExecutionListener, MockitoTestExecutionListener, DependencyInjectionTestExecutionListener, DirtiesContextTestExecutionListener, TransactionalTestExecutionListener, SqlScriptsTestExecutionListener, EventPublishingTestExecutionListener, RestDocsTestExecutionListener, MockRestServiceServerResetTestExecutionListener, MockMvcPrintOnlyOnFailureTestExecutionListener, WebDriverTestExecutionListener, MockWebServiceServerTestExecutionListener, ResetMocksTestExecutionListener]
16:34:24.236 [Test worker] DEBUG org.springframework.test.context.support.AbstractDirtiesContextTestExecutionListener - Before test class: class [MemberRepositoryTest], class annotated with @DirtiesContext [false] with mode [null]
16:34:24.240 [Test worker] DEBUG org.springframework.test.context.support.DependencyInjectionTestExecutionListener - Performing dependency injection for test class com.jpabook.jpashop.repository.MemberRepositoryTest

  .   ____          _            __ _ _
 /\\ / ___'_ __ _ _(_)_ __  __ _ \ \ \ \
( ( )\___ | '_ | '_| | '_ \/ _` | \ \ \ \
 \\/  ___)| |_)| | | | | || (_| |  ) ) ) )
  '  |____| .__|_| |_|_| |_\__, | / / / /
 =========|_|==============|___/=/_/_/_/
 :: Spring Boot ::                (v3.0.1)

2023-01-20T16:34:24.393+09:00  INFO 2358 --- [    Test worker] c.j.j.repository.MemberRepositoryTest    : Starting MemberRepositoryTest using Java 17.0.2 with PID 2358 (started by leeeehgnaj in /Users/leeeehgnaj/Desktop/Coding/jpashop)
2023-01-20T16:34:24.393+09:00  INFO 2358 --- [    Test worker] c.j.j.repository.MemberRepositoryTest    : No active profile set, falling back to 1 default profile: "default"
2023-01-20T16:34:24.521+09:00  INFO 2358 --- [    Test worker] .s.d.r.c.RepositoryConfigurationDelegate : Bootstrapping Spring Data JPA repositories in DEFAULT mode.
2023-01-20T16:34:24.542+09:00  INFO 2358 --- [    Test worker] .s.d.r.c.RepositoryConfigurationDelegate : Finished Spring Data repository scanning in 17 ms. Found 1 JPA repository interfaces.
2023-01-20T16:34:24.562+09:00  INFO 2358 --- [    Test worker] beddedDataSourceBeanFactoryPostProcessor : Replacing 'dataSource' DataSource bean with embedded version
2023-01-20T16:34:24.622+09:00  INFO 2358 --- [    Test worker] o.s.j.d.e.EmbeddedDatabaseFactory        : Starting embedded database: url='jdbc:h2:mem:d10755a6-70c2-452c-85c2-9296ccab2d62;DB_CLOSE_DELAY=-1;DB_CLOSE_ON_EXIT=false', username='sa'
2023-01-20T16:34:24.733+09:00  INFO 2358 --- [    Test worker] o.hibernate.jpa.internal.util.LogHelper  : HHH000204: Processing PersistenceUnitInfo [name: default]
2023-01-20T16:34:24.751+09:00  INFO 2358 --- [    Test worker] org.hibernate.Version                    : HHH000412: Hibernate ORM core version 6.1.6.Final
2023-01-20T16:34:24.815+09:00  WARN 2358 --- [    Test worker] org.hibernate.orm.deprecation            : HHH90000021: Encountered deprecated setting [javax.persistence.sharedCache.mode], use [jakarta.persistence.sharedCache.mode] instead
2023-01-20T16:34:24.839+09:00 DEBUG 2358 --- [    Test worker] o.h.t.d.jdbc.spi.JdbcTypeRegistry        : addDescriptor(FloatTypeDescriptor) replaced previous registration(DoubleTypeDescriptor)
2023-01-20T16:34:24.843+09:00 DEBUG 2358 --- [    Test worker] org.hibernate.type.BasicTypeRegistry     : Adding type registration boolean -> org.hibernate.type.BasicTypeReference@6314df3c
2023-01-20T16:34:24.843+09:00 DEBUG 2358 --- [    Test worker] org.hibernate.type.BasicTypeRegistry     : Adding type registration boolean -> org.hibernate.type.BasicTypeReference@6314df3c
2023-01-20T16:34:24.843+09:00 DEBUG 2358 --- [    Test worker] org.hibernate.type.BasicTypeRegistry     : Adding type registration java.lang.Boolean -> org.hibernate.type.BasicTypeReference@6314df3c
2023-01-20T16:34:24.843+09:00 DEBUG 2358 --- [    Test worker] org.hibernate.type.BasicTypeRegistry     : Adding type registration numeric_boolean -> org.hibernate.type.BasicTypeReference@5785e813
2023-01-20T16:34:24.843+09:00 DEBUG 2358 --- [    Test worker] org.hibernate.type.BasicTypeRegistry     : Adding type registration org.hibernate.type.NumericBooleanConverter -> org.hibernate.type.BasicTypeReference@5785e813
2023-01-20T16:34:24.843+09:00 DEBUG 2358 --- [    Test worker] org.hibernate.type.BasicTypeRegistry     : Adding type registration true_false -> org.hibernate.type.BasicTypeReference@10b8b900
2023-01-20T16:34:24.843+09:00 DEBUG 2358 --- [    Test worker] org.hibernate.type.BasicTypeRegistry     : Adding type registration org.hibernate.type.TrueFalseConverter -> org.hibernate.type.BasicTypeReference@10b8b900
2023-01-20T16:34:24.843+09:00 DEBUG 2358 --- [    Test worker] org.hibernate.type.BasicTypeRegistry     : Adding type registration yes_no -> org.hibernate.type.BasicTypeReference@6d294ddc
2023-01-20T16:34:24.843+09:00 DEBUG 2358 --- [    Test worker] org.hibernate.type.BasicTypeRegistry     : Adding type registration org.hibernate.type.YesNoConverter -> org.hibernate.type.BasicTypeReference@6d294ddc
2023-01-20T16:34:24.843+09:00 DEBUG 2358 --- [    Test worker] org.hibernate.type.BasicTypeRegistry     : Adding type registration byte -> org.hibernate.type.BasicTypeReference@2801827a
2023-01-20T16:34:24.843+09:00 DEBUG 2358 --- [    Test worker] org.hibernate.type.BasicTypeRegistry     : Adding type registration byte -> org.hibernate.type.BasicTypeReference@2801827a
2023-01-20T16:34:24.843+09:00 DEBUG 2358 --- [    Test worker] org.hibernate.type.BasicTypeRegistry     : Adding type registration java.lang.Byte -> org.hibernate.type.BasicTypeReference@2801827a
2023-01-20T16:34:24.844+09:00 DEBUG 2358 --- [    Test worker] org.hibernate.type.BasicTypeRegistry     : Adding type registration binary -> org.hibernate.type.BasicTypeReference@22791b75
2023-01-20T16:34:24.844+09:00 DEBUG 2358 --- [    Test worker] org.hibernate.type.BasicTypeRegistry     : Adding type registration byte[] -> org.hibernate.type.BasicTypeReference@22791b75
2023-01-20T16:34:24.844+09:00 DEBUG 2358 --- [    Test worker] org.hibernate.type.BasicTypeRegistry     : Adding type registration [B -> org.hibernate.type.BasicTypeReference@22791b75
2023-01-20T16:34:24.844+09:00 DEBUG 2358 --- [    Test worker] org.hibernate.type.BasicTypeRegistry     : Adding type registration binary_wrapper -> org.hibernate.type.BasicTypeReference@64f4f12
2023-01-20T16:34:24.844+09:00 DEBUG 2358 --- [    Test worker] org.hibernate.type.BasicTypeRegistry     : Adding type registration wrapper-binary -> org.hibernate.type.BasicTypeReference@64f4f12
2023-01-20T16:34:24.844+09:00 DEBUG 2358 --- [    Test worker] org.hibernate.type.BasicTypeRegistry     : Adding type registration Byte[] -> org.hibernate.type.BasicTypeReference@64f4f12
2023-01-20T16:34:24.844+09:00 DEBUG 2358 --- [    Test worker] org.hibernate.type.BasicTypeRegistry     : Adding type registration [Ljava.lang.Byte; -> org.hibernate.type.BasicTypeReference@64f4f12
2023-01-20T16:34:24.844+09:00 DEBUG 2358 --- [    Test worker] org.hibernate.type.BasicTypeRegistry     : Adding type registration image -> org.hibernate.type.BasicTypeReference@37d28938
2023-01-20T16:34:24.844+09:00 DEBUG 2358 --- [    Test worker] org.hibernate.type.BasicTypeRegistry     : Adding type registration blob -> org.hibernate.type.BasicTypeReference@7d0cd23c
2023-01-20T16:34:24.844+09:00 DEBUG 2358 --- [    Test worker] org.hibernate.type.BasicTypeRegistry     : Adding type registration java.sql.Blob -> org.hibernate.type.BasicTypeReference@7d0cd23c
2023-01-20T16:34:24.844+09:00 DEBUG 2358 --- [    Test worker] org.hibernate.type.BasicTypeRegistry     : Adding type registration materialized_blob -> org.hibernate.type.BasicTypeReference@17c4dc5b
2023-01-20T16:34:24.844+09:00 DEBUG 2358 --- [    Test worker] org.hibernate.type.BasicTypeRegistry     : Adding type registration materialized_blob_wrapper -> org.hibernate.type.BasicTypeReference@6b0f266e
2023-01-20T16:34:24.844+09:00 DEBUG 2358 --- [    Test worker] org.hibernate.type.BasicTypeRegistry     : Adding type registration short -> org.hibernate.type.BasicTypeReference@4837f97e
2023-01-20T16:34:24.844+09:00 DEBUG 2358 --- [    Test worker] org.hibernate.type.BasicTypeRegistry     : Adding type registration short -> org.hibernate.type.BasicTypeReference@4837f97e
2023-01-20T16:34:24.844+09:00 DEBUG 2358 --- [    Test worker] org.hibernate.type.BasicTypeRegistry     : Adding type registration java.lang.Short -> org.hibernate.type.BasicTypeReference@4837f97e
2023-01-20T16:34:24.844+09:00 DEBUG 2358 --- [    Test worker] org.hibernate.type.BasicTypeRegistry     : Adding type registration integer -> org.hibernate.type.BasicTypeReference@53314f76
2023-01-20T16:34:24.844+09:00 DEBUG 2358 --- [    Test worker] org.hibernate.type.BasicTypeRegistry     : Adding type registration int -> org.hibernate.type.BasicTypeReference@53314f76
2023-01-20T16:34:24.844+09:00 DEBUG 2358 --- [    Test worker] org.hibernate.type.BasicTypeRegistry     : Adding type registration java.lang.Integer -> org.hibernate.type.BasicTypeReference@53314f76
2023-01-20T16:34:24.844+09:00 DEBUG 2358 --- [    Test worker] org.hibernate.type.BasicTypeRegistry     : Adding type registration long -> org.hibernate.type.BasicTypeReference@62a6674f
2023-01-20T16:34:24.844+09:00 DEBUG 2358 --- [    Test worker] org.hibernate.type.BasicTypeRegistry     : Adding type registration long -> org.hibernate.type.BasicTypeReference@62a6674f
2023-01-20T16:34:24.844+09:00 DEBUG 2358 --- [    Test worker] org.hibernate.type.BasicTypeRegistry     : Adding type registration java.lang.Long -> org.hibernate.type.BasicTypeReference@62a6674f
2023-01-20T16:34:24.844+09:00 DEBUG 2358 --- [    Test worker] org.hibernate.type.BasicTypeRegistry     : Adding type registration float -> org.hibernate.type.BasicTypeReference@70881123
2023-01-20T16:34:24.845+09:00 DEBUG 2358 --- [    Test worker] org.hibernate.type.BasicTypeRegistry     : Adding type registration float -> org.hibernate.type.BasicTypeReference@70881123
2023-01-20T16:34:24.845+09:00 DEBUG 2358 --- [    Test worker] org.hibernate.type.BasicTypeRegistry     : Adding type registration java.lang.Float -> org.hibernate.type.BasicTypeReference@70881123
2023-01-20T16:34:24.845+09:00 DEBUG 2358 --- [    Test worker] org.hibernate.type.BasicTypeRegistry     : Adding type registration double -> org.hibernate.type.BasicTypeReference@703fa45
2023-01-20T16:34:24.845+09:00 DEBUG 2358 --- [    Test worker] org.hibernate.type.BasicTypeRegistry     : Adding type registration double -> org.hibernate.type.BasicTypeReference@703fa45
2023-01-20T16:34:24.845+09:00 DEBUG 2358 --- [    Test worker] org.hibernate.type.BasicTypeRegistry     : Adding type registration java.lang.Double -> org.hibernate.type.BasicTypeReference@703fa45
2023-01-20T16:34:24.845+09:00 DEBUG 2358 --- [    Test worker] org.hibernate.type.BasicTypeRegistry     : Adding type registration big_integer -> org.hibernate.type.BasicTypeReference@5e905f2c
2023-01-20T16:34:24.845+09:00 DEBUG 2358 --- [    Test worker] org.hibernate.type.BasicTypeRegistry     : Adding type registration java.math.BigInteger -> org.hibernate.type.BasicTypeReference@5e905f2c
2023-01-20T16:34:24.845+09:00 DEBUG 2358 --- [    Test worker] org.hibernate.type.BasicTypeRegistry     : Adding type registration big_decimal -> org.hibernate.type.BasicTypeReference@fddd7ae
2023-01-20T16:34:24.845+09:00 DEBUG 2358 --- [    Test worker] org.hibernate.type.BasicTypeRegistry     : Adding type registration java.math.BigDecimal -> org.hibernate.type.BasicTypeReference@fddd7ae
2023-01-20T16:34:24.845+09:00 DEBUG 2358 --- [    Test worker] org.hibernate.type.BasicTypeRegistry     : Adding type registration character -> org.hibernate.type.BasicTypeReference@3f6cce7f
2023-01-20T16:34:24.845+09:00 DEBUG 2358 --- [    Test worker] org.hibernate.type.BasicTypeRegistry     : Adding type registration char -> org.hibernate.type.BasicTypeReference@3f6cce7f
2023-01-20T16:34:24.845+09:00 DEBUG 2358 --- [    Test worker] org.hibernate.type.BasicTypeRegistry     : Adding type registration java.lang.Character -> org.hibernate.type.BasicTypeReference@3f6cce7f
2023-01-20T16:34:24.845+09:00 DEBUG 2358 --- [    Test worker] org.hibernate.type.BasicTypeRegistry     : Adding type registration character_nchar -> org.hibernate.type.BasicTypeReference@2725ca05
2023-01-20T16:34:24.845+09:00 DEBUG 2358 --- [    Test worker] org.hibernate.type.BasicTypeRegistry     : Adding type registration string -> org.hibernate.type.BasicTypeReference@7b9088f2
2023-01-20T16:34:24.845+09:00 DEBUG 2358 --- [    Test worker] org.hibernate.type.BasicTypeRegistry     : Adding type registration java.lang.String -> org.hibernate.type.BasicTypeReference@7b9088f2
2023-01-20T16:34:24.845+09:00 DEBUG 2358 --- [    Test worker] org.hibernate.type.BasicTypeRegistry     : Adding type registration nstring -> org.hibernate.type.BasicTypeReference@1a914089
2023-01-20T16:34:24.845+09:00 DEBUG 2358 --- [    Test worker] org.hibernate.type.BasicTypeRegistry     : Adding type registration characters -> org.hibernate.type.BasicTypeReference@43d76a92
2023-01-20T16:34:24.845+09:00 DEBUG 2358 --- [    Test worker] org.hibernate.type.BasicTypeRegistry     : Adding type registration char[] -> org.hibernate.type.BasicTypeReference@43d76a92
2023-01-20T16:34:24.845+09:00 DEBUG 2358 --- [    Test worker] org.hibernate.type.BasicTypeRegistry     : Adding type registration [C -> org.hibernate.type.BasicTypeReference@43d76a92
2023-01-20T16:34:24.845+09:00 DEBUG 2358 --- [    Test worker] org.hibernate.type.BasicTypeRegistry     : Adding type registration wrapper-characters -> org.hibernate.type.BasicTypeReference@4a2bf50f
2023-01-20T16:34:24.845+09:00 DEBUG 2358 --- [    Test worker] org.hibernate.type.BasicTypeRegistry     : Adding type registration [Ljava.lang.Character; -> org.hibernate.type.BasicTypeReference@4a2bf50f
2023-01-20T16:34:24.845+09:00 DEBUG 2358 --- [    Test worker] org.hibernate.type.BasicTypeRegistry     : Adding type registration Character[] -> org.hibernate.type.BasicTypeReference@4a2bf50f
2023-01-20T16:34:24.846+09:00 DEBUG 2358 --- [    Test worker] org.hibernate.type.BasicTypeRegistry     : Adding type registration text -> org.hibernate.type.BasicTypeReference@350323a0
2023-01-20T16:34:24.846+09:00 DEBUG 2358 --- [    Test worker] org.hibernate.type.BasicTypeRegistry     : Adding type registration ntext -> org.hibernate.type.BasicTypeReference@2506b881
2023-01-20T16:34:24.846+09:00 DEBUG 2358 --- [    Test worker] org.hibernate.type.BasicTypeRegistry     : Adding type registration clob -> org.hibernate.type.BasicTypeReference@5d7dd549
2023-01-20T16:34:24.846+09:00 DEBUG 2358 --- [    Test worker] org.hibernate.type.BasicTypeRegistry     : Adding type registration java.sql.Clob -> org.hibernate.type.BasicTypeReference@5d7dd549
2023-01-20T16:34:24.846+09:00 DEBUG 2358 --- [    Test worker] org.hibernate.type.BasicTypeRegistry     : Adding type registration nclob -> org.hibernate.type.BasicTypeReference@486bd064
2023-01-20T16:34:24.846+09:00 DEBUG 2358 --- [    Test worker] org.hibernate.type.BasicTypeRegistry     : Adding type registration java.sql.NClob -> org.hibernate.type.BasicTypeReference@486bd064
2023-01-20T16:34:24.846+09:00 DEBUG 2358 --- [    Test worker] org.hibernate.type.BasicTypeRegistry     : Adding type registration materialized_clob -> org.hibernate.type.BasicTypeReference@6459f4ea
2023-01-20T16:34:24.846+09:00 DEBUG 2358 --- [    Test worker] org.hibernate.type.BasicTypeRegistry     : Adding type registration materialized_clob_char_array -> org.hibernate.type.BasicTypeReference@740b9a50
2023-01-20T16:34:24.846+09:00 DEBUG 2358 --- [    Test worker] org.hibernate.type.BasicTypeRegistry     : Adding type registration materialized_clob_character_array -> org.hibernate.type.BasicTypeReference@476fde05
2023-01-20T16:34:24.846+09:00 DEBUG 2358 --- [    Test worker] org.hibernate.type.BasicTypeRegistry     : Adding type registration materialized_nclob -> org.hibernate.type.BasicTypeReference@5111de7c
2023-01-20T16:34:24.846+09:00 DEBUG 2358 --- [    Test worker] org.hibernate.type.BasicTypeRegistry     : Adding type registration materialized_nclob_character_array -> org.hibernate.type.BasicTypeReference@7ac48e10
2023-01-20T16:34:24.846+09:00 DEBUG 2358 --- [    Test worker] org.hibernate.type.BasicTypeRegistry     : Adding type registration materialized_nclob_char_array -> org.hibernate.type.BasicTypeReference@52354202
2023-01-20T16:34:24.846+09:00 DEBUG 2358 --- [    Test worker] org.hibernate.type.BasicTypeRegistry     : Adding type registration Duration -> org.hibernate.type.BasicTypeReference@6b1321b7
2023-01-20T16:34:24.846+09:00 DEBUG 2358 --- [    Test worker] org.hibernate.type.BasicTypeRegistry     : Adding type registration java.time.Duration -> org.hibernate.type.BasicTypeReference@6b1321b7
2023-01-20T16:34:24.846+09:00 DEBUG 2358 --- [    Test worker] org.hibernate.type.BasicTypeRegistry     : Adding type registration LocalDateTime -> org.hibernate.type.BasicTypeReference@342ee097
2023-01-20T16:34:24.846+09:00 DEBUG 2358 --- [    Test worker] org.hibernate.type.BasicTypeRegistry     : Adding type registration java.time.LocalDateTime -> org.hibernate.type.BasicTypeReference@342ee097
2023-01-20T16:34:24.846+09:00 DEBUG 2358 --- [    Test worker] org.hibernate.type.BasicTypeRegistry     : Adding type registration LocalDate -> org.hibernate.type.BasicTypeReference@6ac45c0c
2023-01-20T16:34:24.846+09:00 DEBUG 2358 --- [    Test worker] org.hibernate.type.BasicTypeRegistry     : Adding type registration java.time.LocalDate -> org.hibernate.type.BasicTypeReference@6ac45c0c
2023-01-20T16:34:24.847+09:00 DEBUG 2358 --- [    Test worker] org.hibernate.type.BasicTypeRegistry     : Adding type registration LocalTime -> org.hibernate.type.BasicTypeReference@12192604
2023-01-20T16:34:24.847+09:00 DEBUG 2358 --- [    Test worker] org.hibernate.type.BasicTypeRegistry     : Adding type registration java.time.LocalTime -> org.hibernate.type.BasicTypeReference@12192604
2023-01-20T16:34:24.847+09:00 DEBUG 2358 --- [    Test worker] org.hibernate.type.BasicTypeRegistry     : Adding type registration OffsetDateTime -> org.hibernate.type.BasicTypeReference@6075b369
2023-01-20T16:34:24.847+09:00 DEBUG 2358 --- [    Test worker] org.hibernate.type.BasicTypeRegistry     : Adding type registration java.time.OffsetDateTime -> org.hibernate.type.BasicTypeReference@6075b369
2023-01-20T16:34:24.847+09:00 DEBUG 2358 --- [    Test worker] org.hibernate.type.BasicTypeRegistry     : Adding type registration OffsetDateTimeWithTimezone -> org.hibernate.type.BasicTypeReference@231cdda8
2023-01-20T16:34:24.847+09:00 DEBUG 2358 --- [    Test worker] org.hibernate.type.BasicTypeRegistry     : Adding type registration OffsetDateTimeWithoutTimezone -> org.hibernate.type.BasicTypeReference@6b70d1fb
2023-01-20T16:34:24.847+09:00 DEBUG 2358 --- [    Test worker] org.hibernate.type.BasicTypeRegistry     : Adding type registration OffsetTime -> org.hibernate.type.BasicTypeReference@3002e397
2023-01-20T16:34:24.847+09:00 DEBUG 2358 --- [    Test worker] org.hibernate.type.BasicTypeRegistry     : Adding type registration java.time.OffsetTime -> org.hibernate.type.BasicTypeReference@3002e397
2023-01-20T16:34:24.847+09:00 DEBUG 2358 --- [    Test worker] org.hibernate.type.BasicTypeRegistry     : Adding type registration ZonedDateTime -> org.hibernate.type.BasicTypeReference@7da1e005
2023-01-20T16:34:24.847+09:00 DEBUG 2358 --- [    Test worker] org.hibernate.type.BasicTypeRegistry     : Adding type registration java.time.ZonedDateTime -> org.hibernate.type.BasicTypeReference@7da1e005
2023-01-20T16:34:24.847+09:00 DEBUG 2358 --- [    Test worker] org.hibernate.type.BasicTypeRegistry     : Adding type registration ZonedDateTimeWithTimezone -> org.hibernate.type.BasicTypeReference@38159384
2023-01-20T16:34:24.847+09:00 DEBUG 2358 --- [    Test worker] org.hibernate.type.BasicTypeRegistry     : Adding type registration ZonedDateTimeWithoutTimezone -> org.hibernate.type.BasicTypeReference@55877274
2023-01-20T16:34:24.847+09:00 DEBUG 2358 --- [    Test worker] org.hibernate.type.BasicTypeRegistry     : Adding type registration date -> org.hibernate.type.BasicTypeReference@723e2d08
2023-01-20T16:34:24.847+09:00 DEBUG 2358 --- [    Test worker] org.hibernate.type.BasicTypeRegistry     : Adding type registration java.sql.Date -> org.hibernate.type.BasicTypeReference@723e2d08
2023-01-20T16:34:24.847+09:00 DEBUG 2358 --- [    Test worker] org.hibernate.type.BasicTypeRegistry     : Adding type registration time -> org.hibernate.type.BasicTypeReference@6d4a82
2023-01-20T16:34:24.847+09:00 DEBUG 2358 --- [    Test worker] org.hibernate.type.BasicTypeRegistry     : Adding type registration java.sql.Time -> org.hibernate.type.BasicTypeReference@6d4a82
2023-01-20T16:34:24.847+09:00 DEBUG 2358 --- [    Test worker] org.hibernate.type.BasicTypeRegistry     : Adding type registration timestamp -> org.hibernate.type.BasicTypeReference@14f060b8
2023-01-20T16:34:24.847+09:00 DEBUG 2358 --- [    Test worker] org.hibernate.type.BasicTypeRegistry     : Adding type registration java.sql.Timestamp -> org.hibernate.type.BasicTypeReference@14f060b8
2023-01-20T16:34:24.847+09:00 DEBUG 2358 --- [    Test worker] org.hibernate.type.BasicTypeRegistry     : Adding type registration java.util.Date -> org.hibernate.type.BasicTypeReference@14f060b8
2023-01-20T16:34:24.847+09:00 DEBUG 2358 --- [    Test worker] org.hibernate.type.BasicTypeRegistry     : Adding type registration calendar -> org.hibernate.type.BasicTypeReference@7a0ab480
2023-01-20T16:34:24.847+09:00 DEBUG 2358 --- [    Test worker] org.hibernate.type.BasicTypeRegistry     : Adding type registration java.util.Calendar -> org.hibernate.type.BasicTypeReference@7a0ab480
2023-01-20T16:34:24.847+09:00 DEBUG 2358 --- [    Test worker] org.hibernate.type.BasicTypeRegistry     : Adding type registration java.util.GregorianCalendar -> org.hibernate.type.BasicTypeReference@7a0ab480
2023-01-20T16:34:24.848+09:00 DEBUG 2358 --- [    Test worker] org.hibernate.type.BasicTypeRegistry     : Adding type registration calendar_date -> org.hibernate.type.BasicTypeReference@79df80a4
2023-01-20T16:34:24.848+09:00 DEBUG 2358 --- [    Test worker] org.hibernate.type.BasicTypeRegistry     : Adding type registration calendar_time -> org.hibernate.type.BasicTypeReference@130cfc47
2023-01-20T16:34:24.848+09:00 DEBUG 2358 --- [    Test worker] org.hibernate.type.BasicTypeRegistry     : Adding type registration instant -> org.hibernate.type.BasicTypeReference@4eeab3e
2023-01-20T16:34:24.848+09:00 DEBUG 2358 --- [    Test worker] org.hibernate.type.BasicTypeRegistry     : Adding type registration java.time.Instant -> org.hibernate.type.BasicTypeReference@4eeab3e
2023-01-20T16:34:24.848+09:00 DEBUG 2358 --- [    Test worker] org.hibernate.type.BasicTypeRegistry     : Adding type registration uuid -> org.hibernate.type.BasicTypeReference@2b6fb197
2023-01-20T16:34:24.848+09:00 DEBUG 2358 --- [    Test worker] org.hibernate.type.BasicTypeRegistry     : Adding type registration java.util.UUID -> org.hibernate.type.BasicTypeReference@2b6fb197
2023-01-20T16:34:24.848+09:00 DEBUG 2358 --- [    Test worker] org.hibernate.type.BasicTypeRegistry     : Adding type registration pg-uuid -> org.hibernate.type.BasicTypeReference@2b6fb197
2023-01-20T16:34:24.848+09:00 DEBUG 2358 --- [    Test worker] org.hibernate.type.BasicTypeRegistry     : Adding type registration uuid-binary -> org.hibernate.type.BasicTypeReference@2eb0cefe
2023-01-20T16:34:24.849+09:00 DEBUG 2358 --- [    Test worker] org.hibernate.type.BasicTypeRegistry     : Adding type registration uuid-char -> org.hibernate.type.BasicTypeReference@5a2ae1ab
2023-01-20T16:34:24.849+09:00 DEBUG 2358 --- [    Test worker] org.hibernate.type.BasicTypeRegistry     : Adding type registration class -> org.hibernate.type.BasicTypeReference@2bec068b
2023-01-20T16:34:24.849+09:00 DEBUG 2358 --- [    Test worker] org.hibernate.type.BasicTypeRegistry     : Adding type registration java.lang.Class -> org.hibernate.type.BasicTypeReference@2bec068b
2023-01-20T16:34:24.849+09:00 DEBUG 2358 --- [    Test worker] org.hibernate.type.BasicTypeRegistry     : Adding type registration currency -> org.hibernate.type.BasicTypeReference@7d59e968
2023-01-20T16:34:24.849+09:00 DEBUG 2358 --- [    Test worker] org.hibernate.type.BasicTypeRegistry     : Adding type registration Currency -> org.hibernate.type.BasicTypeReference@7d59e968
2023-01-20T16:34:24.849+09:00 DEBUG 2358 --- [    Test worker] org.hibernate.type.BasicTypeRegistry     : Adding type registration java.util.Currency -> org.hibernate.type.BasicTypeReference@7d59e968
2023-01-20T16:34:24.849+09:00 DEBUG 2358 --- [    Test worker] org.hibernate.type.BasicTypeRegistry     : Adding type registration locale -> org.hibernate.type.BasicTypeReference@55361f03
2023-01-20T16:34:24.849+09:00 DEBUG 2358 --- [    Test worker] org.hibernate.type.BasicTypeRegistry     : Adding type registration java.util.Locale -> org.hibernate.type.BasicTypeReference@55361f03
2023-01-20T16:34:24.849+09:00 DEBUG 2358 --- [    Test worker] org.hibernate.type.BasicTypeRegistry     : Adding type registration serializable -> org.hibernate.type.BasicTypeReference@581c9bb7
2023-01-20T16:34:24.849+09:00 DEBUG 2358 --- [    Test worker] org.hibernate.type.BasicTypeRegistry     : Adding type registration java.io.Serializable -> org.hibernate.type.BasicTypeReference@581c9bb7
2023-01-20T16:34:24.849+09:00 DEBUG 2358 --- [    Test worker] org.hibernate.type.BasicTypeRegistry     : Adding type registration timezone -> org.hibernate.type.BasicTypeReference@138f0661
2023-01-20T16:34:24.849+09:00 DEBUG 2358 --- [    Test worker] org.hibernate.type.BasicTypeRegistry     : Adding type registration java.util.TimeZone -> org.hibernate.type.BasicTypeReference@138f0661
2023-01-20T16:34:24.849+09:00 DEBUG 2358 --- [    Test worker] org.hibernate.type.BasicTypeRegistry     : Adding type registration ZoneOffset -> org.hibernate.type.BasicTypeReference@212fafd1
2023-01-20T16:34:24.849+09:00 DEBUG 2358 --- [    Test worker] org.hibernate.type.BasicTypeRegistry     : Adding type registration java.time.ZoneOffset -> org.hibernate.type.BasicTypeReference@212fafd1
2023-01-20T16:34:24.849+09:00 DEBUG 2358 --- [    Test worker] org.hibernate.type.BasicTypeRegistry     : Adding type registration url -> org.hibernate.type.BasicTypeReference@448462f0
2023-01-20T16:34:24.849+09:00 DEBUG 2358 --- [    Test worker] org.hibernate.type.BasicTypeRegistry     : Adding type registration java.net.URL -> org.hibernate.type.BasicTypeReference@448462f0
2023-01-20T16:34:24.849+09:00 DEBUG 2358 --- [    Test worker] org.hibernate.type.BasicTypeRegistry     : Adding type registration row_version -> org.hibernate.type.BasicTypeReference@787988f4
2023-01-20T16:34:24.852+09:00 DEBUG 2358 --- [    Test worker] org.hibernate.type.BasicTypeRegistry     : Adding type registration dbtimestamp -> org.hibernate.type.DbTimestampType@7a66c35a
2023-01-20T16:34:24.852+09:00 DEBUG 2358 --- [    Test worker] org.hibernate.type.BasicTypeRegistry     : Adding type registration dbtimestamp -> org.hibernate.type.DbTimestampType@7a66c35a
2023-01-20T16:34:24.852+09:00 DEBUG 2358 --- [    Test worker] org.hibernate.type.BasicTypeRegistry     : Adding type registration object -> org.hibernate.type.JavaObjectType@19662208
2023-01-20T16:34:24.852+09:00 DEBUG 2358 --- [    Test worker] org.hibernate.type.BasicTypeRegistry     : Adding type registration java.lang.Object -> org.hibernate.type.JavaObjectType@19662208
2023-01-20T16:34:24.853+09:00 DEBUG 2358 --- [    Test worker] org.hibernate.type.BasicTypeRegistry     : Adding type registration null -> org.hibernate.type.NullType@5939e24
2023-01-20T16:34:24.853+09:00 DEBUG 2358 --- [    Test worker] org.hibernate.type.BasicTypeRegistry     : Adding type registration imm_date -> org.hibernate.type.BasicTypeReference@595f9916
2023-01-20T16:34:24.853+09:00 DEBUG 2358 --- [    Test worker] org.hibernate.type.BasicTypeRegistry     : Adding type registration imm_time -> org.hibernate.type.BasicTypeReference@2055833f
2023-01-20T16:34:24.853+09:00 DEBUG 2358 --- [    Test worker] org.hibernate.type.BasicTypeRegistry     : Adding type registration imm_timestamp -> org.hibernate.type.BasicTypeReference@28768e25
2023-01-20T16:34:24.853+09:00 DEBUG 2358 --- [    Test worker] org.hibernate.type.BasicTypeRegistry     : Adding type registration imm_calendar -> org.hibernate.type.BasicTypeReference@310d57b1
2023-01-20T16:34:24.853+09:00 DEBUG 2358 --- [    Test worker] org.hibernate.type.BasicTypeRegistry     : Adding type registration imm_calendar_date -> org.hibernate.type.BasicTypeReference@143fefaf
2023-01-20T16:34:24.853+09:00 DEBUG 2358 --- [    Test worker] org.hibernate.type.BasicTypeRegistry     : Adding type registration imm_calendar_time -> org.hibernate.type.BasicTypeReference@18ffca6c
2023-01-20T16:34:24.853+09:00 DEBUG 2358 --- [    Test worker] org.hibernate.type.BasicTypeRegistry     : Adding type registration imm_binary -> org.hibernate.type.BasicTypeReference@46468f0
2023-01-20T16:34:24.853+09:00 DEBUG 2358 --- [    Test worker] org.hibernate.type.BasicTypeRegistry     : Adding type registration imm_serializable -> org.hibernate.type.BasicTypeReference@5f8f1712
2023-01-20T16:34:24.879+09:00  INFO 2358 --- [    Test worker] SQL dialect                              : HHH000400: Using dialect: org.hibernate.dialect.H2Dialect
2023-01-20T16:34:24.889+09:00 DEBUG 2358 --- [    Test worker] o.h.t.d.jdbc.spi.JdbcTypeRegistry        : addDescriptor(NCharTypeDescriptor) replaced previous registration(CharTypeDescriptor)
2023-01-20T16:34:24.889+09:00 DEBUG 2358 --- [    Test worker] o.h.t.d.jdbc.spi.JdbcTypeRegistry        : addDescriptor(NVarcharTypeDescriptor) replaced previous registration(VarcharTypeDescriptor)
2023-01-20T16:34:24.889+09:00 DEBUG 2358 --- [    Test worker] o.h.t.d.jdbc.spi.JdbcTypeRegistry        : addDescriptor(LongNVarcharTypeDescriptor) replaced previous registration(LongVarcharTypeDescriptor)
2023-01-20T16:34:24.890+09:00 DEBUG 2358 --- [    Test worker] o.h.t.d.jdbc.spi.JdbcTypeRegistry        : addDescriptor(NClobTypeDescriptor(DEFAULT)) replaced previous registration(ClobTypeDescriptor(DEFAULT))
2023-01-20T16:34:24.890+09:00 DEBUG 2358 --- [    Test worker] o.h.t.d.jdbc.spi.JdbcTypeRegistry        : addDescriptor(2005, ClobTypeDescriptor(STREAM_BINDING)) replaced previous registration(ClobTypeDescriptor(DEFAULT))
2023-01-20T16:34:24.890+09:00 DEBUG 2358 --- [    Test worker] o.h.t.d.jdbc.spi.JdbcTypeRegistry        : addDescriptor(3003, TimestampUtcDescriptor) replaced previous registration(TimestampUtcDescriptor)
2023-01-20T16:34:24.892+09:00 DEBUG 2358 --- [    Test worker] org.hibernate.type.BasicTypeRegistry     : Adding type registration org.hibernate.type.OffsetDateTimeType -> basicType@1(java.time.OffsetDateTime,93)
2023-01-20T16:34:24.892+09:00 DEBUG 2358 --- [    Test worker] org.hibernate.type.BasicTypeRegistry     : Adding type registration OffsetDateTime -> basicType@1(java.time.OffsetDateTime,93)
2023-01-20T16:34:24.892+09:00 DEBUG 2358 --- [    Test worker] org.hibernate.type.BasicTypeRegistry     : Adding type registration java.time.OffsetDateTime -> basicType@1(java.time.OffsetDateTime,93)
2023-01-20T16:34:24.892+09:00 DEBUG 2358 --- [    Test worker] org.hibernate.type.BasicTypeRegistry     : Adding type registration org.hibernate.type.ZonedDateTimeType -> basicType@2(java.time.ZonedDateTime,93)
2023-01-20T16:34:24.892+09:00 DEBUG 2358 --- [    Test worker] org.hibernate.type.BasicTypeRegistry     : Adding type registration ZonedDateTime -> basicType@2(java.time.ZonedDateTime,93)
2023-01-20T16:34:24.892+09:00 DEBUG 2358 --- [    Test worker] org.hibernate.type.BasicTypeRegistry     : Adding type registration java.time.ZonedDateTime -> basicType@2(java.time.ZonedDateTime,93)
2023-01-20T16:34:24.893+09:00 DEBUG 2358 --- [    Test worker] o.h.type.spi.TypeConfiguration$Scope     : Scoping TypeConfiguration [org.hibernate.type.spi.TypeConfiguration@a316f6b] to MetadataBuildingContext [org.hibernate.boot.internal.MetadataBuildingContextRootImpl@63f9ddf9]
2023-01-20T16:34:25.010+09:00 DEBUG 2358 --- [    Test worker] o.h.type.spi.TypeConfiguration$Scope     : Scoping TypeConfiguration [org.hibernate.type.spi.TypeConfiguration@a316f6b] to SessionFactoryImplementor [org.hibernate.internal.SessionFactoryImpl@58b8f9e3]
2023-01-20T16:34:25.154+09:00 DEBUG 2358 --- [    Test worker] org.hibernate.SQL                        : 
    
    drop table if exists member cascade 
Hibernate: 
    
    drop table if exists member cascade 
2023-01-20T16:34:25.155+09:00 DEBUG 2358 --- [    Test worker] org.hibernate.SQL                        : 
    
    drop sequence if exists member_seq
Hibernate: 
    
    drop sequence if exists member_seq
2023-01-20T16:34:25.158+09:00 DEBUG 2358 --- [    Test worker] org.hibernate.SQL                        : create sequence member_seq start with 1 increment by 50
Hibernate: create sequence member_seq start with 1 increment by 50
2023-01-20T16:34:25.159+09:00 DEBUG 2358 --- [    Test worker] org.hibernate.SQL                        : 
    
    create table member (
       id bigint not null,
        member_name varchar(255),
        primary key (id)
    )
Hibernate: 
    
    create table member (
       id bigint not null,
        member_name varchar(255),
        primary key (id)
    )
2023-01-20T16:34:25.162+09:00  INFO 2358 --- [    Test worker] o.h.e.t.j.p.i.JtaPlatformInitiator       : HHH000490: Using JtaPlatform implementation: [org.hibernate.engine.transaction.jta.platform.internal.NoJtaPlatform]
2023-01-20T16:34:25.165+09:00 TRACE 2358 --- [    Test worker] o.h.type.spi.TypeConfiguration$Scope     : Handling #sessionFactoryCreated from [org.hibernate.internal.SessionFactoryImpl@58b8f9e3] for TypeConfiguration
2023-01-20T16:34:25.165+09:00  INFO 2358 --- [    Test worker] j.LocalContainerEntityManagerFactoryBean : Initialized JPA EntityManagerFactory for persistence unit 'default'
2023-01-20T16:34:25.285+09:00  INFO 2358 --- [    Test worker] c.j.j.repository.MemberRepositoryTest    : Started MemberRepositoryTest in 1.031 seconds (process running for 1.458)
2023-01-20T16:34:25.360+09:00 DEBUG 2358 --- [    Test worker] org.hibernate.SQL                        : 
    select
        next value for member_seq
Hibernate: 
    select
        next value for member_seq
2023-01-20T16:34:25.398+09:00 DEBUG 2358 --- [    Test worker] org.hibernate.SQL                        : 
    insert 
    into
        member
        (member_name, id) 
    values
        (?, ?)
Hibernate: 
    insert 
    into
        member
        (member_name, id) 
    values
        (?, ?)
]]></system-out>
  <system-err><![CDATA[]]></system-err>
</testsuite>
